2018-04-07 11:08:08,913 0      [      Worker-12] WARN  nternal.embedder.EclipseLogger  - The POM for org.jboss.tools.example:SrhmFrg-web:war:0.0.1-SNAPSHOT is missing, no dependency information available
2018-04-07 11:08:09,180 267    [      Worker-12] WARN  nternal.embedder.EclipseLogger  - The POM for org.jboss.tools.example:SrhmFrg-ejb:jar:0.0.1-SNAPSHOT is missing, no dependency information available
2018-04-07 11:08:10,151 1238   [      Worker-12] WARN  nternal.embedder.EclipseLogger  - The POM for org.jboss.tools.example:SrhmFrg-web:war:0.0.1-SNAPSHOT is missing, no dependency information available
2018-04-07 11:08:10,153 1240   [      Worker-12] WARN  nternal.embedder.EclipseLogger  - The POM for org.jboss.tools.example:SrhmFrg-ejb:jar:0.0.1-SNAPSHOT is missing, no dependency information available
2018-04-07 11:08:15,019 6106   [       Worker-7] WARN  nternal.embedder.EclipseLogger  - The POM for org.jboss.tools.example:SrhmFrg-web:war:0.0.1-SNAPSHOT is missing, no dependency information available
2018-04-07 11:08:15,047 6134   [       Worker-7] WARN  nternal.embedder.EclipseLogger  - The POM for org.jboss.tools.example:SrhmFrg-ejb:jar:0.0.1-SNAPSHOT is missing, no dependency information available
2018-04-07 11:08:16,850 7937   [       Worker-7] WARN  nternal.embedder.EclipseLogger  - The POM for org.jboss.tools.example:SrhmFrg-web:war:0.0.1-SNAPSHOT is missing, no dependency information available
2018-04-07 11:08:16,855 7942   [       Worker-7] WARN  nternal.embedder.EclipseLogger  - The POM for org.jboss.tools.example:SrhmFrg-ejb:jar:0.0.1-SNAPSHOT is missing, no dependency information available
2018-04-07 11:08:18,111 9198   [      Worker-19] WARN  nternal.embedder.EclipseLogger  - The POM for org.jboss.tools.example:SrhmFrg-web:war:0.0.1-SNAPSHOT is missing, no dependency information available
2018-04-07 11:08:18,120 9207   [      Worker-19] WARN  nternal.embedder.EclipseLogger  - The POM for org.jboss.tools.example:SrhmFrg-ejb:jar:0.0.1-SNAPSHOT is missing, no dependency information available
2018-04-07 11:08:32,220 23307  [      Worker-19] WARN  nternal.embedder.EclipseLogger  - The POM for org.jboss.tools.example:SrhmFrg-web:war:0.0.1-SNAPSHOT is missing, no dependency information available
2018-04-07 11:08:32,465 23552  [      Worker-19] WARN  nternal.embedder.EclipseLogger  - The POM for org.jboss.tools.example:SrhmFrg-web:war:0.0.1-SNAPSHOT is missing, no dependency information available
2018-04-07 11:08:42,658 33745  [      Worker-20] WARN  nternal.embedder.EclipseLogger  - The POM for org.jboss.tools.example:SrhmFrg-web:war:0.0.1-SNAPSHOT is missing, no dependency information available
2018-04-07 12:07:19,636 3550723 [      Worker-94] WARN  nternal.embedder.EclipseLogger  - The POM for org.wildfly.plugins:wildfly-maven-plugin:jar:1.0.2.Final is missing, no dependency information available
2018-04-07 12:07:19,637 3550724 [      Worker-94] WARN  nternal.embedder.EclipseLogger  - Failed to retrieve plugin descriptor for org.wildfly.plugins:wildfly-maven-plugin:1.0.2.Final: Plugin org.wildfly.plugins:wildfly-maven-plugin:1.0.2.Final or one of its dependencies could not be resolved: Cannot access central (https://repo.maven.apache.org/maven2) in offline mode and the artifact org.wildfly.plugins:wildfly-maven-plugin:jar:1.0.2.Final has not been downloaded from it before.
2018-04-07 12:07:19,638 3550725 [      Worker-94] WARN  nternal.embedder.EclipseLogger  - The POM for org.apache.maven.plugins:maven-clean-plugin:jar:2.5 is missing, no dependency information available
2018-04-07 12:07:19,640 3550727 [      Worker-94] WARN  nternal.embedder.EclipseLogger  - The POM for org.apache.maven.plugins:maven-install-plugin:jar:2.4 is missing, no dependency information available
2018-04-07 12:07:19,642 3550729 [      Worker-94] WARN  nternal.embedder.EclipseLogger  - The POM for org.wildfly.plugins:wildfly-maven-plugin:jar:1.0.2.Final is missing, no dependency information available
2018-04-07 12:07:19,642 3550729 [      Worker-94] WARN  nternal.embedder.EclipseLogger  - Failed to retrieve plugin descriptor for org.wildfly.plugins:wildfly-maven-plugin:1.0.2.Final: Plugin org.wildfly.plugins:wildfly-maven-plugin:1.0.2.Final or one of its dependencies could not be resolved: Cannot access central (https://repo.maven.apache.org/maven2) in offline mode and the artifact org.wildfly.plugins:wildfly-maven-plugin:jar:1.0.2.Final has not been downloaded from it before.
2018-04-07 15:41:12,476 286900 [      Worker-17] WARN  nternal.embedder.EclipseLogger  - The POM for org.apache.maven.plugins:maven-clean-plugin:jar:2.5 is missing, no dependency information available
2018-04-07 17:24:48,780 6503204 [     Worker-144] WARN  nternal.embedder.EclipseLogger  - The POM for org.wildfly.plugins:wildfly-maven-plugin:jar:1.0.2.Final is missing, no dependency information available
2018-04-07 17:24:48,786 6503210 [     Worker-144] WARN  nternal.embedder.EclipseLogger  - Failed to retrieve plugin descriptor for org.wildfly.plugins:wildfly-maven-plugin:1.0.2.Final: Plugin org.wildfly.plugins:wildfly-maven-plugin:1.0.2.Final or one of its dependencies could not be resolved: Cannot access central (https://repo.maven.apache.org/maven2) in offline mode and the artifact org.wildfly.plugins:wildfly-maven-plugin:jar:1.0.2.Final has not been downloaded from it before.
2018-04-07 17:24:48,787 6503211 [     Worker-144] WARN  nternal.embedder.EclipseLogger  - The POM for org.apache.maven.plugins:maven-install-plugin:jar:2.4 is missing, no dependency information available
2018-04-07 17:24:48,790 6503214 [     Worker-144] WARN  nternal.embedder.EclipseLogger  - The POM for org.wildfly.plugins:wildfly-maven-plugin:jar:1.0.2.Final is missing, no dependency information available
2018-04-07 17:24:48,790 6503214 [     Worker-144] WARN  nternal.embedder.EclipseLogger  - Failed to retrieve plugin descriptor for org.wildfly.plugins:wildfly-maven-plugin:1.0.2.Final: Plugin org.wildfly.plugins:wildfly-maven-plugin:1.0.2.Final or one of its dependencies could not be resolved: Cannot access central (https://repo.maven.apache.org/maven2) in offline mode and the artifact org.wildfly.plugins:wildfly-maven-plugin:jar:1.0.2.Final has not been downloaded from it before.
